0 info it worked if it ends with ok
1 verbose cli [ '/home/diego/.nvm/versions/node/v6.10.0/bin/node',
1 verbose cli   '/home/diego/.nvm/versions/node/v6.10.0/bin/npm',
1 verbose cli   'publish' ]
2 info using npm@3.10.10
3 info using node@v6.10.0
4 verbose publish [ '.' ]
5 silly cache add args [ '.', null ]
6 verbose cache add spec .
7 silly cache add parsed spec Result {
7 silly cache add   raw: '.',
7 silly cache add   scope: null,
7 silly cache add   escapedName: null,
7 silly cache add   name: null,
7 silly cache add   rawSpec: '.',
7 silly cache add   spec: '/home/diego/Code/npm-components/react-wizard-form',
7 silly cache add   type: 'directory' }
8 verbose addLocalDirectory /home/diego/.npm/react-wizard-form/1.0.1/package.tgz not in flight; packing
9 verbose correctMkdir /home/diego/.npm correctMkdir not in flight; initializing
10 info lifecycle react-wizard-form@1.0.1~prepublish: react-wizard-form@1.0.1
11 verbose lifecycle react-wizard-form@1.0.1~prepublish: unsafe-perm in lifecycle true
12 verbose lifecycle react-wizard-form@1.0.1~prepublish: PATH: /home/diego/.nvm/versions/node/v6.10.0/lib/node_modules/npm/bin/node-gyp-bin:/home/diego/Code/npm-components/react-wizard-form/node_modules/.bin:/home/diego/.nvm/versions/node/v6.10.0/bin:/home/diego/bin:/home/diego/.local/bin:/usr/local/sbin:/usr/local/bin:/usr/sbin:/usr/bin:/sbin:/bin:/usr/games:/usr/local/games:/snap/bin
13 verbose lifecycle react-wizard-form@1.0.1~prepublish: CWD: /home/diego/Code/npm-components/react-wizard-form
14 silly lifecycle react-wizard-form@1.0.1~prepublish: Args: [ '-c', 'npm run build' ]
15 silly lifecycle react-wizard-form@1.0.1~prepublish: Returned: code: 0  signal: null
16 verbose tar pack [ '/home/diego/.npm/react-wizard-form/1.0.1/package.tgz',
16 verbose tar pack   '/home/diego/Code/npm-components/react-wizard-form' ]
17 verbose tarball /home/diego/.npm/react-wizard-form/1.0.1/package.tgz
18 verbose folder /home/diego/Code/npm-components/react-wizard-form
19 verbose addLocalTarball adding from inside cache /home/diego/.npm/react-wizard-form/1.0.1/package.tgz
20 verbose correctMkdir /home/diego/.npm correctMkdir not in flight; initializing
21 silly cache afterAdd react-wizard-form@1.0.1
22 verbose afterAdd /home/diego/.npm/react-wizard-form/1.0.1/package/package.json not in flight; writing
23 verbose correctMkdir /home/diego/.npm correctMkdir not in flight; initializing
24 verbose afterAdd /home/diego/.npm/react-wizard-form/1.0.1/package/package.json written
25 silly publish { name: 'react-wizard-form',
25 silly publish   version: '1.0.1',
25 silly publish   description: 'Simple react wizard for any html view, form or react component',
25 silly publish   main: 'index.js',
25 silly publish   scripts:
25 silly publish    { build: 'babel src/wizardform.js -o index.js',
25 silly publish      prepublish: 'npm run build' },
25 silly publish   repository:
25 silly publish    { type: 'git',
25 silly publish      url: 'git+https://github.com/dieguito12/react-wizard-form.git' },
25 silly publish   keywords: [ 'react', 'wizard', 'form' ],
25 silly publish   author: { name: 'Diego Rafael Mena Hernandez' },
25 silly publish   license: 'ISC',
25 silly publish   bugs: { url: 'https://github.com/dieguito12/react-wizard-form/issues' },
25 silly publish   homepage: 'https://github.com/dieguito12/react-wizard-form#readme',
25 silly publish   dependencies: { react: '^15.4.2', 'react-dom': '^15.4.2' },
25 silly publish   devDependencies:
25 silly publish    { 'babel-cli': '^6.24.0',
25 silly publish      'babel-preset-es2015': '^6.24.0',
25 silly publish      'babel-preset-react': '^6.23.0',
25 silly publish      'babel-preset-stage-0': '^6.22.0' },
25 silly publish   readme: '# react-wizard-form\nSimple react wizard for any html view, form or react component\n\n## Getting Started\n\nThese instructions will install the component on your react project.\n\n### Prerequisites\n\nWhat things you need to install the component:\n\n```\nnpm\n```\n\n### Installing\n\n\nTo install the react-wizard-form just do:\n\n```\nnpm install react-wizard-form\n```\n\nTo save it into your package.json\n\n```\nnpm install --save react-wizard-form\n```\n\n## Examples\n\nThis examples will guide you on how to use this component\n\n### Basic Usage\n\nThis example is without the navigation header\n\n##### Your Wizard \n\nAdd your views, forms or components as children of the WizardForm in the same order you want them to navigate:\n\n```\n// your-form.js\n\nimport React from \'react\';\nimport ReactDOM from \'react-dom\';\nimport WizardForm from \'react-wizard-form\';\nimport StepOneForm from \'./step-one.js\';\nimport StepTwoForm from \'./step-two.js\';\n\nclass YourForm extends React.Component {\n\n    render() {\n        return (\n            <WizardForm>\n                <StepOneForm />\n                <StepTwoForm />\n            </WizardForm>\n        )\n    }\n}\n\nconst yourFormContainer = document.getElementById(\'your-form-container\');\nReactDOM.render(\n    <YourForm />,\n    yourFormContainer\n);\n\nexport default YourForm;\n\n```\n\n##### Each Form\n\nTo go to the each form, view or component they have to call\n\n```\nthis.props.nextStep(data);\n```\n\nTo go to te previous form call:\n\n\n```\nthis.props.previousStep(data);\n```\n\nWhere **data** is an object of any data you want to pass from one form to another.\n\n```\n// step-one.js\n\nimport React from \'react\';\nimport ReactDOM from \'react-dom\';\n\nclass StepOneForm extends React.Component {\n\n    constructor(props) {\n        super(props);\n\n        this.state = {\n            name: \'\',\n            data: this.props.data ? this.props.data : {}\n        }\n    }\n\n    handleOnNextButtonClicked() {\n        let data = {}\n        data.name = this.refs.name;\n\n        // Anything else you want to pass add it to data\n\n        this.props.nextStep(data);\n    }\n\n    render() {\n        return (\n            <div>\n                <form onSubmit={this.handleOnNextButtonClicked}>\n                    <label>\n                        Name:\n                        <input type="text" this value={this.state.name} onChange={this.handleChange} />\n                    </label>\n                    <input type="submit" value="Submit" />\n                </form>\n            </div>\n        );\n    }\n}\n\nexport default StepOneForm;\n\n```\n\n```\n// step-two.js\n\nimport React from \'react\';\nimport ReactDOM from \'react-dom\';\n\nclass StepTwoForm extends React.Component {\n\n    constructor(props) {\n        super(props);\n        this.handleSubmit = this.handleSubmit.bind(this);\n        this.handleOnPreviousStep = this.handleOnPreviousStep.bind(this);\n\n        // The data from the previous step comes in this.props.data\n\n        this.state = {\n            data: this.props.data,\n        }\n    }\n\n    handleSubmit() {\n        \n        // Anything here\n    }\n\n    handleOnPreviousStep() {\n        let data = this.state.data;\n\n        this.props.previousStep(data);\n    }\n\n    render() {\n        return (\n            <div>\n                The name from the previous step is {this.state.data.name}\n                <button\n                    type="button"\n                    onClick={this.handleSubmit}\n                    className="btn btn-link">Send</button>\n                <button\n                    type="button"\n                    onClick={this.handleOnPreviousStep}\n                    className="btn btn-default float-right">Back</button>\n            </div>\n        );\n    }\n}\n\nexport default StepTwoForm;\n\n```\n\n### Advance Usage\n\nThis example is with the navigation header.\n\nWith the header you can navigate to any step using a custom header navigator made by you.\n\n##### Your Wizard \n\nAdd your views, forms or components as children of the WizardForm in the same order you want them to navigate\nas same as the array of headers.\n\nEach view of the headers needs to have a **form** property with is to specify (with a string) the name of the corresponded view.\n\nWhen the header view is clicked the corresponded form will be rendered if this form has the **data** prop of its data with something,\nit will pass it to.\n\n```\n// your-form.js\n\nimport React from \'react\';\nimport ReactDOM from \'react-dom\';\nimport WizardForm from \'react-wizard-form\';\nimport StepOneForm from \'./step-one.js\';\nimport StepTwoForm from \'./step-two.js\';\n\nclass YourForm extends React.Component {\n\n    render() {\n        return (\n            <WizardForm\n                headers={[\n                    <div\n                        form={"StepOneForm"}>\n                        Go to step one\n                    </div,\n                    <div\n                        form={"StepTwoForm"}>\n                        Go to step two\n                    </div>,\n                    <div\n                        form={"StepThreeForm"}>\n                        Go to step three\n                    </div>\n                ]}>\n                <StepOneForm />\n                <StepTwoForm />\n                <StepThreeForm />\n            </WizardForm>\n        )\n    }\n}\n\nconst yourFormContainer = document.getElementById(\'your-form-container\');\nReactDOM.render(\n    <YourForm />,\n    yourFormContainer\n);\n\nexport default YourForm;\n\n```\n\n## Compatible With\n\n* [ES2015](https://babeljs.io/learn-es2015/)\n* [ES2016](https://babeljs.io/docs/plugins/preset-es2016/)\n\n## Contributing\n\nWhen contributing to this repository, please first discuss the change you wish to make via issue,\nemail, or any other method with the owners of this repository before making a change. \n\nPlease note we have a code of conduct, please follow it in all your interactions with the project.\n\n### Pull Request Process\n\n1. Ensure any install or build dependencies are removed before the end of the layer when doing a \n   build.\n2. Update the README.md with details of changes to the interface, this includes new environment \n   variables, exposed ports, useful file locations and container parameters.\n3. Increase the version numbers in any examples files and the README.md to the new version that this\n   Pull Request would represent. The versioning scheme we use is [SemVer](http://semver.org/).\n4. You may merge the Pull Request in once you have the sign-off of two other developers, or if you \n   do not have permission to do that, you may request the second reviewer to merge it for you.\n\n## Author\n\n* **Diego Rafael Mena Hernandez** - *Initial work* - [dieguito12](https://github.com/dieguito12)\n\n## License\n\nISC\n',
25 silly publish   readmeFilename: 'README.md',
25 silly publish   gitHead: 'e97bbfd8a7ad2bdf1375db4595b565b5c1a41435',
25 silly publish   _id: 'react-wizard-form@1.0.1',
25 silly publish   _shasum: 'd4401f63243579d1fb95e2e0e9d8a76427e356af',
25 silly publish   _from: '.' }
26 verbose getPublishConfig undefined
27 silly mapToRegistry name react-wizard-form
28 silly mapToRegistry using default registry
29 silly mapToRegistry registry https://registry.npmjs.org/
30 silly mapToRegistry data Result {
30 silly mapToRegistry   raw: 'react-wizard-form',
30 silly mapToRegistry   scope: null,
30 silly mapToRegistry   escapedName: 'react-wizard-form',
30 silly mapToRegistry   name: 'react-wizard-form',
30 silly mapToRegistry   rawSpec: '',
30 silly mapToRegistry   spec: 'latest',
30 silly mapToRegistry   type: 'tag' }
31 silly mapToRegistry uri https://registry.npmjs.org/react-wizard-form
32 verbose publish registryBase https://registry.npmjs.org/
33 silly publish uploading /home/diego/.npm/react-wizard-form/1.0.1/package.tgz
34 verbose request uri https://registry.npmjs.org/react-wizard-form
35 verbose request sending authorization for write operation
36 info attempt registry request try #1 at 12:15:51 PM
37 verbose request using bearer token for auth
38 verbose request id 812c309b301e8ab5
39 http request PUT https://registry.npmjs.org/react-wizard-form
40 http 403 https://registry.npmjs.org/react-wizard-form
41 verbose headers { 'content-type': 'application/json',
41 verbose headers   'cache-control': 'max-age=300',
41 verbose headers   'content-length': '95',
41 verbose headers   'accept-ranges': 'bytes',
41 verbose headers   date: 'Fri, 24 Mar 2017 16:15:53 GMT',
41 verbose headers   via: '1.1 varnish',
41 verbose headers   connection: 'keep-alive',
41 verbose headers   'x-served-by': 'cache-mia1325-MIA',
41 verbose headers   'x-cache': 'MISS',
41 verbose headers   'x-cache-hits': '0',
41 verbose headers   'x-timer': 'S1490372152.213840,VS0,VE902',
41 verbose headers   vary: 'Accept-Encoding' }
42 verbose request invalidating /home/diego/.npm/registry.npmjs.org/react-wizard-form on PUT
43 error publish Failed PUT 403
44 verbose stack Error: "You cannot publish over the previously published version 1.0.1." : react-wizard-form
44 verbose stack     at makeError (/home/diego/.nvm/versions/node/v6.10.0/lib/node_modules/npm/node_modules/npm-registry-client/lib/request.js:302:12)
44 verbose stack     at CachingRegistryClient.<anonymous> (/home/diego/.nvm/versions/node/v6.10.0/lib/node_modules/npm/node_modules/npm-registry-client/lib/request.js:290:14)
44 verbose stack     at Request._callback (/home/diego/.nvm/versions/node/v6.10.0/lib/node_modules/npm/node_modules/npm-registry-client/lib/request.js:210:14)
44 verbose stack     at Request.self.callback (/home/diego/.nvm/versions/node/v6.10.0/lib/node_modules/npm/node_modules/request/request.js:187:22)
44 verbose stack     at emitTwo (events.js:106:13)
44 verbose stack     at Request.emit (events.js:191:7)
44 verbose stack     at Request.<anonymous> (/home/diego/.nvm/versions/node/v6.10.0/lib/node_modules/npm/node_modules/request/request.js:1048:10)
44 verbose stack     at emitOne (events.js:96:13)
44 verbose stack     at Request.emit (events.js:188:7)
44 verbose stack     at IncomingMessage.<anonymous> (/home/diego/.nvm/versions/node/v6.10.0/lib/node_modules/npm/node_modules/request/request.js:969:12)
45 verbose statusCode 403
46 verbose pkgid react-wizard-form
47 verbose cwd /home/diego/Code/npm-components/react-wizard-form
48 error Linux 4.4.0-67-generic
49 error argv "/home/diego/.nvm/versions/node/v6.10.0/bin/node" "/home/diego/.nvm/versions/node/v6.10.0/bin/npm" "publish"
50 error node v6.10.0
51 error npm  v3.10.10
52 error code E403
53 error "You cannot publish over the previously published version 1.0.1." : react-wizard-form
54 error If you need help, you may report this error at:
54 error     <https://github.com/npm/npm/issues>
55 verbose exit [ 1, true ]
